#
# There is insufficient memory for the Java Runtime Environment to continue.
# Native memory allocation (malloc) failed to allocate 32784 bytes for Chunk::new
# Possible reasons:
#   The system is out of physical RAM or swap space
#   The process is running with CompressedOops enabled, and the Java Heap may be blocking the growth of the native heap
# Possible solutions:
#   Reduce memory load on the system
#   Increase physical memory or swap space
#   Check if swap backing store is full
#   Decrease Java heap size (-Xmx/-Xms)
#   Decrease number of Java threads
#   Decrease Java thread stack sizes (-Xss)
#   Set larger code cache with -XX:ReservedCodeCacheSize=
#   JVM is running with Unscaled Compressed Oops mode in which the Java heap is
#     placed in the first 4GB address space. The Java Heap base address is the
#     maximum limit for the native heap growth. Please use -XX:HeapBaseMinAddress
#     to set the Java Heap base and to place the Java Heap above 4GB virtual address.
# This output file may be truncated or incomplete.
#
#  Out of Memory Error (./src/hotspot/share/memory/arena.cpp:197), pid=18076, tid=19040
#
# JRE version: OpenJDK Runtime Environment (11.0.12+7) (build 11.0.12+7-b1504.28-7817840)
# Java VM: OpenJDK 64-Bit Server VM (11.0.12+7-b1504.28-7817840, mixed mode, tiered, compressed oops, g1 gc, windows-amd64)
# No core dump will be written. Minidumps are not enabled by default on client versions of Windows
#

---------------  S U M M A R Y ------------

Command Line: --add-opens=java.base/java.util=ALL-UNNAMED --add-opens=java.base/java.lang=ALL-UNNAMED --add-opens=java.base/java.lang.invoke=ALL-UNNAMED --add-opens=java.base/java.util=ALL-UNNAMED --add-opens=java.prefs/java.util.prefs=ALL-UNNAMED --add-opens=java.prefs/java.util.prefs=ALL-UNNAMED --add-opens=java.base/java.nio.charset=ALL-UNNAMED --add-opens=java.base/java.net=ALL-UNNAMED --add-opens=java.base/java.util.concurrent.atomic=ALL-UNNAMED -Xmx2048m -Dfile.encoding=UTF-8 -Duser.country=US -Duser.language=en -Duser.variant org.gradle.launcher.daemon.bootstrap.GradleDaemon 7.3.3

Host: Intel(R) Core(TM) i7-7Y75 CPU @ 1.30GHz, 4 cores, 7G,  Windows 10 , 64 bit Build 19041 (10.0.19041.1889)
Time: Sat Sep  3 11:32:34 2022 Myanmar Standard Time elapsed time: 26.274813 seconds (0d 0h 0m 26s)

---------------  T H R E A D  ---------------

Current thread (0x000001c1781a3000):  JavaThread "C2 CompilerThread0" daemon [_thread_in_native, id=19040, stack(0x000000b1c5600000,0x000000b1c5700000)]


Current CompileTask:
C2:  26274 6749       4       java.lang.ClassLoader::postDefineClass (39 bytes)

Stack: [0x000000b1c5600000,0x000000b1c5700000]
Native frames: (J=compiled Java code, j=interpreted, Vv=VM code, C=native code)
V  [jvm.dll+0x5fbcea]
V  [jvm.dll+0x731905]
V  [jvm.dll+0x732f1d]
V  [jvm.dll+0x7335d3]
V  [jvm.dll+0x247bf8]
V  [jvm.dll+0xc018c]
V  [jvm.dll+0xc06cc]
V  [jvm.dll+0xc02cc]
V  [jvm.dll+0x6282e0]
V  [jvm.dll+0x511642]
V  [jvm.dll+0x208303]
V  [jvm.dll+0x201fe0]
V  [jvm.dll+0x1ff71f]
V  [jvm.dll+0x18868c]
V  [jvm.dll+0x20e0d7]
V  [jvm.dll+0x20c901]
V  [jvm.dll+0x6f9b7f]
V  [jvm.dll+0x6f26a5]
V  [jvm.dll+0x5fabf6]
C  [ucrtbase.dll+0x21bb2]
C  [KERNEL32.DLL+0x17034]
C  [ntdll.dll+0x52651]


---------------  P R O C E S S  ---------------

Threads class SMR info:
_java_thread_list=0x000001c17ea131e0, length=78, elements={
0x000001c16d58b000, 0x000001c17817d800, 0x000001c178181000, 0x000001c178b13800,
0x000001c17819a800, 0x000001c17819d800, 0x000001c1781a3000, 0x000001c1781a9000,
0x000001c1781ab000, 0x000001c178c40800, 0x000001c17a3db800, 0x000001c17a46a800,
0x000001c17a64d000, 0x000001c17a16e000, 0x000001c17a9fa000, 0x000001c17b6c5000,
0x000001c17a94f800, 0x000001c17aac7000, 0x000001c17a0e2800, 0x000001c17b54e800,
0x000001c17b550000, 0x000001c17b54f800, 0x000001c17b54b000, 0x000001c17b551000,
0x000001c17b54c000, 0x000001c17b54d000, 0x000001c17b54d800, 0x000001c179f1c000,
0x000001c179f18000, 0x000001c179f1a800, 0x000001c179f1d800, 0x000001c179f1e800,
0x000001c179f19800, 0x000001c179f17000, 0x000001c179f22800, 0x000001c179f20000,
0x000001c179f21000, 0x000001c179f23800, 0x000001c179f24000, 0x000001c179f25000,
0x000001c179f22000, 0x000001c17b551800, 0x000001c17bc90000, 0x000001c17bc92000,
0x000001c17bc94000, 0x000001c17bc95800, 0x000001c17bc93000, 0x000001c17bc94800,
0x000001c17bc96800, 0x000001c17bc91800, 0x000001c17bc90800, 0x000001c17bc99000,
0x000001c17bc9b000, 0x000001c17bc99800, 0x000001c17bc9a800, 0x000001c17bc9c000,
0x000001c17bc9d000, 0x000001c17bc97000, 0x000001c17bc9d800, 0x000001c17bc98000,
0x000001c17bc9e800, 0x000001c17bebd000, 0x000001c17beba800, 0x000001c17bebf800,
0x000001c17beb9800, 0x000001c17bec0800, 0x000001c17bec1000, 0x000001c17bebb800,
0x000001c17bebc000, 0x000001c17bec2000, 0x000001c17bec2800, 0x000001c17bec3800,
0x000001c17bebe800, 0x000001c17bebe000, 0x000001c17bec8800, 0x000001c17bec4800,
0x000001c17bec5000, 0x000001c17bec7000
}

Java Threads: ( => current thread )
  0x000001c16d58b000 JavaThread "main" [_thread_blocked, id=18260, stack(0x000000b1c4a00000,0x000000b1c4b00000)]
  0x000001c17817d800 JavaThread "Reference Handler" daemon [_thread_blocked, id=13924, stack(0x000000b1c5100000,0x000000b1c5200000)]
  0x000001c178181000 JavaThread "Finalizer" daemon [_thread_blocked, id=7544, stack(0x000000b1c5200000,0x000000b1c5300000)]
  0x000001c178b13800 JavaThread "Signal Dispatcher" daemon [_thread_blocked, id=10196, stack(0x000000b1c5300000,0x000000b1c5400000)]
  0x000001c17819a800 JavaThread "Attach Listener" daemon [_thread_blocked, id=20796, stack(0x000000b1c5400000,0x000000b1c5500000)]
  0x000001c17819d800 JavaThread "Service Thread" daemon [_thread_blocked, id=20884, stack(0x000000b1c5500000,0x000000b1c5600000)]
=>0x000001c1781a3000 JavaThread "C2 CompilerThread0" daemon [_thread_in_native, id=19040, stack(0x000000b1c5600000,0x000000b1c5700000)]
  0x000001c1781a9000 JavaThread "C1 CompilerThread0" daemon [_thread_blocked, id=20400, stack(0x000000b1c5700000,0x000000b1c5800000)]
  0x000001c1781ab000 JavaThread "Sweeper thread" daemon [_thread_blocked, id=2384, stack(0x000000b1c5800000,0x000000b1c5900000)]
  0x000001c178c40800 JavaThread "Common-Cleaner" daemon [_thread_blocked, id=10520, stack(0x000000b1c5900000,0x000000b1c5a00000)]
  0x000001c17a3db800 JavaThread "Daemon health stats" [_thread_blocked, id=11388, stack(0x000000b1c5e00000,0x000000b1c5f00000)]
  0x000001c17a46a800 JavaThread "Incoming local TCP Connector on port 53826" [_thread_in_native, id=19960, stack(0x000000b1c5b00000,0x000000b1c5c00000)]
  0x000001c17a64d000 JavaThread "Daemon periodic checks" [_thread_blocked, id=17384, stack(0x000000b1c5f00000,0x000000b1c6000000)]
  0x000001c17a16e000 JavaThread "Daemon" [_thread_blocked, id=3560, stack(0x000000b1c6000000,0x000000b1c6100000)]
  0x000001c17a9fa000 JavaThread "Handler for socket connection from /127.0.0.1:53826 to /127.0.0.1:53827" [_thread_in_native, id=21204, stack(0x000000b1c6100000,0x000000b1c6200000)]
  0x000001c17b6c5000 JavaThread "Cancel handler" [_thread_blocked, id=7548, stack(0x000000b1c6200000,0x000000b1c6300000)]
  0x000001c17a94f800 JavaThread "Daemon worker" [_thread_in_vm, id=18964, stack(0x000000b1c6300000,0x000000b1c6400000)]
  0x000001c17aac7000 JavaThread "Asynchronous log dispatcher for DefaultDaemonConnection: socket connection from /127.0.0.1:53826 to /127.0.0.1:53827" [_thread_blocked, id=19220, stack(0x000000b1c6400000,0x000000b1c6500000)]
  0x000001c17a0e2800 JavaThread "Stdin handler" [_thread_blocked, id=14108, stack(0x000000b1c6500000,0x000000b1c6600000)]
  0x000001c17b54e800 JavaThread "Daemon client event forwarder" [_thread_blocked, id=20768, stack(0x000000b1c6600000,0x000000b1c6700000)]
  0x000001c17b550000 JavaThread "Cache worker for journal cache (C:\Users\User\.jdks\openjdk-16.0.1\caches\journal-1)" [_thread_blocked, id=17540, stack(0x000000b1c6800000,0x000000b1c6900000)]
  0x000001c17b54f800 JavaThread "File lock request listener" [_thread_in_native, id=17960, stack(0x000000b1c6900000,0x000000b1c6a00000)]
  0x000001c17b54b000 JavaThread "Cache worker for file hash cache (C:\Users\User\.jdks\openjdk-16.0.1\caches\7.3.3\fileHashes)" [_thread_blocked, id=16500, stack(0x000000b1c6a00000,0x000000b1c6b00000)]
  0x000001c17b551000 JavaThread "Cache worker for file hash cache (C:\Users\User\Desktop\AndroidStudio\Udacity\Free_courses\Multi-screen\TourGuideApp_v1\.gradle\7.3.3\fileHashes)" [_thread_blocked, id=8668, stack(0x000000b1c6b00000,0x000000b1c6c00000)]
  0x000001c17b54c000 JavaThread "File watcher server" daemon [_thread_in_native, id=17136, stack(0x000000b1c6d00000,0x000000b1c6e00000)]
  0x000001c17b54d000 JavaThread "File watcher consumer" daemon [_thread_blocked, id=21232, stack(0x000000b1c6e00000,0x000000b1c6f00000)]
  0x000001c17b54d800 JavaThread "Cache worker for checksums cache (C:\Users\User\Desktop\AndroidStudio\Udacity\Free_courses\Multi-screen\TourGuideApp_v1\.gradle\7.3.3\checksums)" [_thread_blocked, id=15888, stack(0x000000b1c6f00000,0x000000b1c7000000)]
  0x000001c179f1c000 JavaThread "Cache worker for cache directory md-supplier (C:\Users\User\.jdks\openjdk-16.0.1\caches\7.3.3\md-supplier)" [_thread_blocked, id=6940, stack(0x000000b1c7000000,0x000000b1c7100000)]
  0x000001c179f18000 JavaThread "Cache worker for cache directory md-rule (C:\Users\User\.jdks\openjdk-16.0.1\caches\7.3.3\md-rule)" [_thread_blocked, id=20136, stack(0x000000b1c7100000,0x000000b1c7200000)]
  0x000001c179f1a800 JavaThread "Cache worker for execution history cache (C:\Users\User\.jdks\openjdk-16.0.1\caches\7.3.3\executionHistory)" [_thread_blocked, id=14200, stack(0x000000b1c6c00000,0x000000b1c6d00000)]
  0x000001c179f1d800 JavaThread "jar transforms" [_thread_blocked, id=14676, stack(0x000000b1c7300000,0x000000b1c7400000)]
  0x000001c179f1e800 JavaThread "Cache worker for file content cache (C:\Users\User\.jdks\openjdk-16.0.1\caches\7.3.3\fileContent)" [_thread_blocked, id=10012, stack(0x000000b1c7400000,0x000000b1c7500000)]
  0x000001c179f19800 JavaThread "jar transforms Thread 2" [_thread_blocked, id=8392, stack(0x000000b1c7500000,0x000000b1c7600000)]
  0x000001c179f17000 JavaThread "Cache worker for dependencies-accessors (C:\Users\User\Desktop\AndroidStudio\Udacity\Free_courses\Multi-screen\TourGuideApp_v1\.gradle\7.3.3\dependencies-accessors)" [_thread_blocked, id=16688, stack(0x000000b1c7200000,0x000000b1c7300000)]
  0x000001c179f22800 JavaThread "jar transforms Thread 3" [_thread_blocked, id=17776, stack(0x000000b1c7600000,0x000000b1c7700000)]
  0x000001c179f20000 JavaThread "Cache worker for Build Output Cleanup Cache (C:\Users\User\Desktop\AndroidStudio\Udacity\Free_courses\Multi-screen\TourGuideApp_v1\.gradle\buildOutputCleanup)" [_thread_blocked, id=14360, stack(0x000000b1c7700000,0x000000b1c7800000)]
  0x000001c179f21000 JavaThread "Unconstrained build operations" [_thread_blocked, id=21500, stack(0x000000b1c7800000,0x000000b1c7900000)]
  0x000001c179f23800 JavaThread "Unconstrained build operations Thread 2" [_thread_blocked, id=16840, stack(0x000000b1c7900000,0x000000b1c7a00000)]
  0x000001c179f24000 JavaThread "Unconstrained build operations Thread 3" [_thread_blocked, id=19380, stack(0x000000b1c7a00000,0x000000b1c7b00000)]
  0x000001c179f25000 JavaThread "Unconstrained build operations Thread 4" [_thread_blocked, id=19448, stack(0x000000b1c7b00000,0x000000b1c7c00000)]
  0x000001c179f22000 JavaThread "Unconstrained build operations Thread 5" [_thread_blocked, id=4976, stack(0x000000b1c7c00000,0x000000b1c7d00000)]
  0x000001c17b551800 JavaThread "Unconstrained build operations Thread 6" [_thread_blocked, id=9436, stack(0x000000b1c7d00000,0x000000b1c7e00000)]
  0x000001c17bc90000 JavaThread "Unconstrained build operations Thread 7" [_thread_blocked, id=5928, stack(0x000000b1c7e00000,0x000000b1c7f00000)]
  0x000001c17bc92000 JavaThread "Unconstrained build operations Thread 8" [_thread_blocked, id=9956, stack(0x000000b1c7f00000,0x000000b1c8000000)]
  0x000001c17bc94000 JavaThread "Unconstrained build operations Thread 9" [_thread_blocked, id=16236, stack(0x000000b1c8000000,0x000000b1c8100000)]
  0x000001c17bc95800 JavaThread "Unconstrained build operations Thread 10" [_thread_blocked, id=3060, stack(0x000000b1c8100000,0x000000b1c8200000)]
  0x000001c17bc93000 JavaThread "Unconstrained build operations Thread 11" [_thread_blocked, id=12312, stack(0x000000b1c8200000,0x000000b1c8300000)]
  0x000001c17bc94800 JavaThread "Unconstrained build operations Thread 12" [_thread_blocked, id=20008, stack(0x000000b1c8300000,0x000000b1c8400000)]
  0x000001c17bc96800 JavaThread "Unconstrained build operations Thread 13" [_thread_blocked, id=6036, stack(0x000000b1c8400000,0x000000b1c8500000)]
  0x000001c17bc91800 JavaThread "Unconstrained build operations Thread 14" [_thread_blocked, id=14728, stack(0x000000b1c8500000,0x000000b1c8600000)]
  0x000001c17bc90800 JavaThread "Unconstrained build operations Thread 15" [_thread_blocked, id=8712, stack(0x000000b1c8600000,0x000000b1c8700000)]
  0x000001c17bc99000 JavaThread "Unconstrained build operations Thread 16" [_thread_blocked, id=20372, stack(0x000000b1c8700000,0x000000b1c8800000)]
  0x000001c17bc9b000 JavaThread "Unconstrained build operations Thread 17" [_thread_blocked, id=7364, stack(0x000000b1c8800000,0x000000b1c8900000)]
  0x000001c17bc99800 JavaThread "Unconstrained build operations Thread 18" [_thread_blocked, id=6536, stack(0x000000b1c8900000,0x000000b1c8a00000)]
  0x000001c17bc9a800 JavaThread "Unconstrained build operations Thread 19" [_thread_blocked, id=11660, stack(0x000000b1c8a00000,0x000000b1c8b00000)]
  0x000001c17bc9c000 JavaThread "Unconstrained build operations Thread 20" [_thread_blocked, id=4716, stack(0x000000b1c8b00000,0x000000b1c8c00000)]
  0x000001c17bc9d000 JavaThread "Unconstrained build operations Thread 21" [_thread_blocked, id=4312, stack(0x000000b1c8c00000,0x000000b1c8d00000)]
  0x000001c17bc97000 JavaThread "Unconstrained build operations Thread 22" [_thread_blocked, id=1636, stack(0x000000b1c8d00000,0x000000b1c8e00000)]
  0x000001c17bc9d800 JavaThread "Unconstrained build operations Thread 23" [_thread_blocked, id=17852, stack(0x000000b1c8e00000,0x000000b1c8f00000)]
  0x000001c17bc98000 JavaThread "Unconstrained build operations Thread 24" [_thread_blocked, id=15956, stack(0x000000b1c8f00000,0x000000b1c9000000)]
  0x000001c17bc9e800 JavaThread "Unconstrained build operations Thread 25" [_thread_blocked, id=16480, stack(0x000000b1c9000000,0x000000b1c9100000)]
  0x000001c17bebd000 JavaThread "Unconstrained build operations Thread 26" [_thread_blocked, id=12832, stack(0x000000b1c9100000,0x000000b1c9200000)]
  0x000001c17beba800 JavaThread "Unconstrained build operations Thread 27" [_thread_blocked, id=5028, stack(0x000000b1c9200000,0x000000b1c9300000)]
  0x000001c17bebf800 JavaThread "Unconstrained build operations Thread 28" [_thread_blocked, id=7272, stack(0x000000b1c9300000,0x000000b1c9400000)]
  0x000001c17beb9800 JavaThread "Unconstrained build operations Thread 29" [_thread_blocked, id=9344, stack(0x000000b1c9400000,0x000000b1c9500000)]
  0x000001c17bec0800 JavaThread "Unconstrained build operations Thread 30" [_thread_blocked, id=9200, stack(0x000000b1c9500000,0x000000b1c9600000)]
  0x000001c17bec1000 JavaThread "Unconstrained build operations Thread 31" [_thread_blocked, id=9640, stack(0x000000b1c9600000,0x000000b1c9700000)]
  0x000001c17bebb800 JavaThread "Unconstrained build operations Thread 32" [_thread_blocked, id=17124, stack(0x000000b1c9700000,0x000000b1c9800000)]
  0x000001c17bebc000 JavaThread "Unconstrained build operations Thread 33" [_thread_blocked, id=11696, stack(0x000000b1c9800000,0x000000b1c9900000)]
  0x000001c17bec2000 JavaThread "Unconstrained build operations Thread 34" [_thread_blocked, id=9628, stack(0x000000b1c9900000,0x000000b1c9a00000)]
  0x000001c17bec2800 JavaThread "Unconstrained build operations Thread 35" [_thread_blocked, id=10492, stack(0x000000b1c9a00000,0x000000b1c9b00000)]
  0x000001c17bec3800 JavaThread "Unconstrained build operations Thread 36" [_thread_blocked, id=3156, stack(0x000000b1c9b00000,0x000000b1c9c00000)]
  0x000001c17bebe800 JavaThread "Unconstrained build operations Thread 37" [_thread_blocked, id=21340, stack(0x000000b1c9c00000,0x000000b1c9d00000)]
  0x000001c17bebe000 JavaThread "Unconstrained build operations Thread 38" [_thread_blocked, id=8636, stack(0x000000b1c9d00000,0x000000b1c9e00000)]
  0x000001c17bec8800 JavaThread "Unconstrained build operations Thread 39" [_thread_blocked, id=18772, stack(0x000000b1c9e00000,0x000000b1c9f00000)]
  0x000001c17bec4800 JavaThread "Unconstrained build operations Thread 40" [_thread_blocked, id=10292, stack(0x000000b1c9f00000,0x000000b1ca000000)]
  0x000001c17bec5000 JavaThread "jar transforms Thread 4" [_thread_blocked, id=17460, stack(0x000000b1ca000000,0x000000b1ca100000)]
  0x000001c17bec7000 JavaThread "Memory manager" [_thread_blocked, id=17584, stack(0x000000b1ca100000,0x000000b1ca200000)]

Other Threads:
  0x000001c17817a800 VMThread "VM Thread" [stack: 0x000000b1c5000000,0x000000b1c5100000] [id=21384]
  0x000001c178c7e000 WatcherThread [stack: 0x000000b1c5a00000,0x000000b1c5b00000] [id=13804]
  0x000001c16d5a5000 GCTaskThread "GC Thread#0" [stack: 0x000000b1c4b00000,0x000000b1c4c00000] [id=18052]
  0x000001c178db2800 GCTaskThread "GC Thread#1" [stack: 0x000000b1c5c00000,0x000000b1c5d00000] [id=16232]
  0x000001c1791a5800 GCTaskThread "GC Thread#2" [stack: 0x000000b1c5d00000,0x000000b1c5e00000] [id=8104]
  0x000001c17a04f000 GCTaskThread "GC Thread#3" [stack: 0x000000b1c6700000,0x000000b1c6800000] [id=15700]
  0x000001c16d5d5800 ConcurrentGCThread "G1 Main Marker" [stack: 0x000000b1c4c00000,0x000000b1c4d00000] [id=4964]
  0x000001c16d5d7800 ConcurrentGCThread "G1 Conc#0" [stack: 0x000000b1c4d00000,0x000000b1c4e00000] [id=17588]
  0x000001c16d665800 ConcurrentGCThread "G1 Refine#0" [stack: 0x000000b1c4e00000,0x000000b1c4f00000] [id=21416]
  0x000001c16d666800 ConcurrentGCThread "G1 Young RemSet Sampling" [stack: 0x000000b1c4f00000,0x000000b1c5000000] [id=11960]

Threads with active compile tasks:
C2 CompilerThread0  26328 6749       4       java.lang.ClassLoader::postDefineClass (39 bytes)

VM state:not at safepoint (normal execution)

VM Mutex/Monitor currently owned by a thread: None

Heap address: 0x0000000080000000, size: 2048 MB, Compressed Oops mode: 32-bit
Narrow klass base: 0x0000000000000000, Narrow klass shift: 3
Compressed class space size: 1073741824 Address: 0x0000000100000000

Heap:
 garbage-first heap   total 195584K, used 63204K [0x0000000080000000, 0x0000000100000000)
  region size 1024K, 18 young (18432K), 9 survivors (9216K)
 Metaspace       used 69581K, capacity 71183K, committed 71448K, reserved 1118208K
  class space    used 9054K, capacity 9680K, committed 9752K, reserved 1048576K
Heap Regions: E=young(eden), S=young(survivor), O=old, HS=humongous(starts), HC=humongous(continues), CS=collection set, F=free, A=archive, TAMS=top-at-mark-start (previous, next)
|   0|0x0000000080000000, 0x0000000080100000, 0x0000000080100000|100%|HS|  |TAMS 0x0000000080100000, 0x0000000080000000| Complete 
|   1|0x0000000080100000, 0x0000000080200000, 0x0000000080200000|100%|HC|  |TAMS 0x0000000080200000, 0x0000000080100000| Complete 
|   2|0x0000000080200000, 0x0000000080300000, 0x0000000080300000|100%|HC|  |TAMS 0x0000000080300000, 0x0000000080200000| Complete 
|   3|0x0000000080300000, 0x0000000080400000, 0x0000000080400000|100%| O|  |TAMS 0x0000000080400000, 0x0000000080300000| Untracked 
|   4|0x0000000080400000, 0x0000000080500000, 0x0000000080500000|100%| O|  |TAMS 0x0000000080500000, 0x0000000080400000| Untracked 
|   5|0x0000000080500000, 0x0000000080600000, 0x0000000080600000|100%| O|  |TAMS 0x0000000080600000, 0x0000000080500000| Untracked 
|   6|0x0000000080600000, 0x0000000080700000, 0x0000000080700000|100%| O|  |TAMS 0x0000000080700000, 0x0000000080600000| Untracked 
|   7|0x0000000080700000, 0x0000000080800000, 0x0000000080800000|100%| O|  |TAMS 0x0000000080800000, 0x0000000080700000| Untracked 
|   8|0x0000000080800000, 0x0000000080900000, 0x0000000080900000|100%| O|  |TAMS 0x0000000080900000, 0x0000000080800000| Untracked 
|   9|0x0000000080900000, 0x0000000080a00000, 0x0000000080a00000|100%| O|  |TAMS 0x0000000080a00000, 0x0000000080900000| Untracked 
|  10|0x0000000080a00000, 0x0000000080b00000, 0x0000000080b00000|100%| O|  |TAMS 0x0000000080b00000, 0x0000000080a00000| Untracked 
|  11|0x0000000080b00000, 0x0000000080c00000, 0x0000000080c00000|100%| O|  |TAMS 0x0000000080c00000, 0x0000000080b00000| Untracked 
|  12|0x0000000080c00000, 0x0000000080d00000, 0x0000000080d00000|100%| O|  |TAMS 0x0000000080d00000, 0x0000000080c00000| Untracked 
|  13|0x0000000080d00000, 0x0000000080e00000, 0x0000000080e00000|100%| O|  |TAMS 0x0000000080e00000, 0x0000000080d00000| Untracked 
|  14|0x0000000080e00000, 0x0000000080f00000, 0x0000000080f00000|100%| O|  |TAMS 0x0000000080f00000, 0x0000000080e00000| Untracked 
|  15|0x0000000080f00000, 0x0000000081000000, 0x0000000081000000|100%| O|  |TAMS 0x0000000081000000, 0x0000000080f00000| Untracked 
|  16|0x0000000081000000, 0x0000000081100000, 0x0000000081100000|100%|HS|  |TAMS 0x0000000081100000, 0x0000000081000000| Complete 
|  17|0x0000000081100000, 0x0000000081200000, 0x0000000081200000|100%| O|  |TAMS 0x0000000081200000, 0x0000000081100000| Untracked 
|  18|0x0000000081200000, 0x0000000081300000, 0x0000000081300000|100%| O|  |TAMS 0x0000000081300000, 0x0000000081200000| Untracked 
|  19|0x0000000081300000, 0x0000000081400000, 0x0000000081400000|100%| O|  |TAMS 0x0000000081400000, 0x0000000081300000| Untracked 
|  20|0x0000000081400000, 0x0000000081500000, 0x0000000081500000|100%| O|  |TAMS 0x0000000081500000, 0x0000000081400000| Untracked 
|  21|0x0000000081500000, 0x0000000081600000, 0x0000000081600000|100%| O|  |TAMS 0x0000000081600000, 0x0000000081500000| Untracked 
|  22|0x0000000081600000, 0x0000000081700000, 0x0000000081700000|100%| O|  |TAMS 0x0000000081700000, 0x0000000081600000| Untracked 
|  23|0x0000000081700000, 0x0000000081800000, 0x0000000081800000|100%|HS|  |TAMS 0x0000000081800000, 0x0000000081700000| Complete 
|  24|0x0000000081800000, 0x0000000081900000, 0x0000000081900000|100%|HS|  |TAMS 0x0000000081900000, 0x0000000081800000| Complete 
|  25|0x0000000081900000, 0x0000000081a00000, 0x0000000081a00000|100%|HC|  |TAMS 0x0000000081a00000, 0x0000000081900000| Complete 
|  26|0x0000000081a00000, 0x0000000081b00000, 0x0000000081b00000|100%| O|  |TAMS 0x0000000081b00000, 0x0000000081a00000| Untracked 
|  27|0x0000000081b00000, 0x0000000081c00000, 0x0000000081c00000|100%| O|  |TAMS 0x0000000081c00000, 0x0000000081b00000| Untracked 
|  28|0x0000000081c00000, 0x0000000081d00000, 0x0000000081d00000|100%| O|  |TAMS 0x0000000081d00000, 0x0000000081c00000| Untracked 
|  29|0x0000000081d00000, 0x0000000081e00000, 0x0000000081e00000|100%| O|  |TAMS 0x0000000081e00000, 0x0000000081d00000| Untracked 
|  30|0x0000000081e00000, 0x0000000081f00000, 0x0000000081f00000|100%| O|  |TAMS 0x0000000081f00000, 0x0000000081e00000| Untracked 
|  31|0x0000000081f00000, 0x0000000082000000, 0x0000000082000000|100%| O|  |TAMS 0x0000000082000000, 0x0000000081f00000| Untracked 
|  32|0x0000000082000000, 0x0000000082100000, 0x0000000082100000|100%| O|  |TAMS 0x0000000082100000, 0x0000000082000000| Untracked 
|  33|0x0000000082100000, 0x0000000082200000, 0x0000000082200000|100%| O|  |TAMS 0x0000000082200000, 0x0000000082100000| Untracked 
|  34|0x0000000082200000, 0x0000000082300000, 0x0000000082300000|100%| O|  |TAMS 0x0000000082300000, 0x0000000082200000| Untracked 
|  35|0x0000000082300000, 0x0000000082400000, 0x0000000082400000|100%| O|  |TAMS 0x0000000082400000, 0x0000000082300000| Untracked 
|  36|0x0000000082400000, 0x0000000082500000, 0x0000000082500000|100%| O|  |TAMS 0x0000000082500000, 0x0000000082400000| Untracked 
|  37|0x0000000082500000, 0x0000000082600000, 0x0000000082600000|100%| O|  |TAMS 0x0000000082600000, 0x0000000082500000| Untracked 
|  38|0x0000000082600000, 0x0000000082700000, 0x0000000082700000|100%| O|  |TAMS 0x0000000082700000, 0x0000000082600000| Untracked 
|  39|0x0000000082700000, 0x0000000082800000, 0x0000000082800000|100%| O|  |TAMS 0x0000000082800000, 0x0000000082700000| Untracked 
|  40|0x0000000082800000, 0x0000000082900000, 0x0000000082900000|100%| O|  |TAMS 0x0000000082900000, 0x0000000082800000| Untracked 
|  41|0x0000000082900000, 0x0000000082a00000, 0x0000000082a00000|100%| O|  |TAMS 0x0000000082a00000, 0x0000000082900000| Untracked 
|  42|0x0000000082a00000, 0x0000000082b00000, 0x0000000082b00000|100%| O|  |TAMS 0x0000000082b00000, 0x0000000082a00000| Untracked 
|  43|0x0000000082b00000, 0x0000000082c00000, 0x0000000082c00000|100%| O|  |TAMS 0x0000000082bb9000, 0x0000000082b00000| Untracked 
|  44|0x0000000082c00000, 0x0000000082c00000, 0x0000000082d00000|  0%| F|  |TAMS 0x0000000082c00000, 0x0000000082c00000| Untracked 
|  45|0x0000000082d00000, 0x0000000082db9000, 0x0000000082e00000| 72%| O|  |TAMS 0x0000000082d00000, 0x0000000082d00000| Untracked 
|  46|0x0000000082e00000, 0x0000000082e00000, 0x0000000082f00000|  0%| F|  |TAMS 0x0000000082e00000, 0x0000000082e00000| Untracked 
|  47|0x0000000082f00000, 0x0000000082f00000, 0x0000000083000000|  0%| F|  |TAMS 0x0000000082f00000, 0x0000000082f00000| Untracked 
|  48|0x0000000083000000, 0x0000000083000000, 0x0000000083100000|  0%| F|  |TAMS 0x0000000083000000, 0x0000000083000000| Untracked 
|  49|0x0000000083100000, 0x0000000083100000, 0x0000000083200000|  0%| F|  |TAMS 0x0000000083100000, 0x0000000083100000| Untracked 
|  50|0x0000000083200000, 0x0000000083200000, 0x0000000083300000|  0%| F|  |TAMS 0x0000000083200000, 0x0000000083200000| Untracked 
|  51|0x0000000083300000, 0x0000000083300000, 0x0000000083400000|  0%| F|  |TAMS 0x0000000083300000, 0x0000000083300000| Untracked 
|  52|0x0000000083400000, 0x0000000083400000, 0x0000000083500000|  0%| F|  |TAMS 0x0000000083400000, 0x0000000083400000| Untracked 
|  53|0x0000000083500000, 0x0000000083500000, 0x0000000083600000|  0%| F|  |TAMS 0x0000000083500000, 0x0000000083500000| Untracked 
|  54|0x0000000083600000, 0x0000000083600000, 0x0000000083700000|  0%| F|  |TAMS 0x0000000083600000, 0x0000000083600000| Untracked 
|  55|0x0000000083700000, 0x0000000083700000, 0x0000000083800000|  0%| F|  |TAMS 0x0000000083700000, 0x0000000083700000| Untracked 
|  56|0x0000000083800000, 0x0000000083800000, 0x0000000083900000|  0%| F|  |TAMS 0x0000000083800000, 0x0000000083800000| Untracked 
|  57|0x0000000083900000, 0x0000000083900000, 0x0000000083a00000|  0%| F|  |TAMS 0x0000000083900000, 0x0000000083900000| Untracked 
|  58|0x0000000083a00000, 0x0000000083a00000, 0x0000000083b00000|  0%| F|  |TAMS 0x0000000083a00000, 0x0000000083a00000| Untracked 
|  59|0x0000000083b00000, 0x0000000083b00000, 0x0000000083c00000|  0%| F|  |TAMS 0x0000000083b00000, 0x0000000083b00000| Untracked 
|  60|0x0000000083c00000, 0x0000000083c00000, 0x0000000083d00000|  0%| F|  |TAMS 0x0000000083c00000, 0x0000000083c00000| Untracked 
|  61|0x0000000083d00000, 0x0000000083d00000, 0x0000000083e00000|  0%| F|  |TAMS 0x0000000083d00000, 0x0000000083d00000| Untracked 
|  62|0x0000000083e00000, 0x0000000083e00000, 0x0000000083f00000|  0%| F|  |TAMS 0x0000000083e00000, 0x0000000083e00000| Untracked 
|  63|0x0000000083f00000, 0x0000000083f00000, 0x0000000084000000|  0%| F|  |TAMS 0x0000000083f00000, 0x0000000083f00000| Untracked 
|  64|0x0000000084000000, 0x0000000084000000, 0x0000000084100000|  0%| F|  |TAMS 0x0000000084000000, 0x0000000084000000| Untracked 
|  65|0x0000000084100000, 0x0000000084100000, 0x0000000084200000|  0%| F|  |TAMS 0x0000000084100000, 0x0000000084100000| Untracked 
|  66|0x0000000084200000, 0x0000000084200000, 0x0000000084300000|  0%| F|  |TAMS 0x0000000084200000, 0x0000000084200000| Untracked 
|  67|0x0000000084300000, 0x0000000084300000, 0x0000000084400000|  0%| F|  |TAMS 0x0000000084300000, 0x0000000084300000| Untracked 
|  68|0x0000000084400000, 0x0000000084400000, 0x0000000084500000|  0%| F|  |TAMS 0x0000000084400000, 0x0000000084400000| Untracked 
|  69|0x0000000084500000, 0x0000000084500000, 0x0000000084600000|  0%| F|  |TAMS 0x0000000084500000, 0x0000000084500000| Untracked 
|  70|0x0000000084600000, 0x0000000084600000, 0x0000000084700000|  0%| F|  |TAMS 0x0000000084600000, 0x0000000084600000| Untracked 
|  71|0x0000000084700000, 0x0000000084700000, 0x0000000084800000|  0%| F|  |TAMS 0x0000000084700000, 0x0000000084700000| Untracked 
|  72|0x0000000084800000, 0x0000000084800000, 0x0000000084900000|  0%| F|  |TAMS 0x0000000084800000, 0x0000000084800000| Untracked 
|  73|0x0000000084900000, 0x0000000084900000, 0x0000000084a00000|  0%| F|  |TAMS 0x0000000084900000, 0x0000000084900000| Untracked 
|  74|0x0000000084a00000, 0x0000000084a00000, 0x0000000084b00000|  0%| F|  |TAMS 0x0000000084a00000, 0x0000000084a00000| Untracked 
|  75|0x0000000084b00000, 0x0000000084b00000, 0x0000000084c00000|  0%| F|  |TAMS 0x0000000084b00000, 0x0000000084b00000| Untracked 
|  76|0x0000000084c00000, 0x0000000084c00000, 0x0000000084d00000|  0%| F|  |TAMS 0x0000000084c00000, 0x0000000084c00000| Untracked 
|  77|0x0000000084d00000, 0x0000000084d00000, 0x0000000084e00000|  0%| F|  |TAMS 0x0000000084d00000, 0x0000000084d00000| Untracked 
|  78|0x0000000084e00000, 0x0000000084e00000, 0x0000000084f00000|  0%| F|  |TAMS 0x0000000084e00000, 0x0000000084e00000| Untracked 
|  79|0x0000000084f00000, 0x0000000084f00000, 0x0000000085000000|  0%| F|  |TAMS 0x0000000084f00000, 0x0000000084f00000| Untracked 
|  80|0x0000000085000000, 0x0000000085000000, 0x0000000085100000|  0%| F|  |TAMS 0x0000000085000000, 0x0000000085000000| Untracked 
|  81|0x0000000085100000, 0x0000000085100000, 0x0000000085200000|  0%| F|  |TAMS 0x0000000085100000, 0x0000000085100000| Untracked 
|  82|0x0000000085200000, 0x0000000085200000, 0x0000000085300000|  0%| F|  |TAMS 0x0000000085200000, 0x0000000085200000| Untracked 
|  83|0x0000000085300000, 0x0000000085300000, 0x0000000085400000|  0%| F|  |TAMS 0x0000000085300000, 0x0000000085300000| Untracked 
|  84|0x0000000085400000, 0x0000000085400000, 0x0000000085500000|  0%| F|  |TAMS 0x0000000085400000, 0x0000000085400000| Untracked 
|  85|0x0000000085500000, 0x0000000085500000, 0x0000000085600000|  0%| F|  |TAMS 0x0000000085500000, 0x0000000085500000| Untracked 
|  86|0x0000000085600000, 0x0000000085600000, 0x0000000085700000|  0%| F|  |TAMS 0x0000000085600000, 0x0000000085600000| Untracked 
|  87|0x0000000085700000, 0x0000000085700000, 0x0000000085800000|  0%| F|  |TAMS 0x0000000085700000, 0x0000000085700000| Untracked 
|  88|0x0000000085800000, 0x0000000085800000, 0x0000000085900000|  0%| F|  |TAMS 0x0000000085800000, 0x0000000085800000| Untracked 
|  89|0x0000000085900000, 0x0000000085900000, 0x0000000085a00000|  0%| F|  |TAMS 0x0000000085900000, 0x0000000085900000| Untracked 
|  90|0x0000000085a00000, 0x0000000085a00000, 0x0000000085b00000|  0%| F|  |TAMS 0x0000000085a00000, 0x0000000085a00000| Untracked 
|  91|0x0000000085b00000, 0x0000000085b00000, 0x0000000085c00000|  0%| F|  |TAMS 0x0000000085b00000, 0x0000000085b00000| Untracked 
|  92|0x0000000085c00000, 0x0000000085c00000, 0x0000000085d00000|  0%| F|  |TAMS 0x0000000085c00000, 0x0000000085c00000| Untracked 
|  93|0x0000000085d00000, 0x0000000085d00000, 0x0000000085e00000|  0%| F|  |TAMS 0x0000000085d00000, 0x0000000085d00000| Untracked 
|  94|0x0000000085e00000, 0x0000000085e00000, 0x0000000085f00000|  0%| F|  |TAMS 0x0000000085e00000, 0x0000000085e00000| Untracked 
|  95|0x0000000085f00000, 0x0000000085f00000, 0x0000000086000000|  0%| F|  |TAMS 0x0000000085f00000, 0x0000000085f00000| Untracked 
|  96|0x0000000086000000, 0x0000000086000000, 0x0000000086100000|  0%| F|  |TAMS 0x0000000086000000, 0x0000000086000000| Untracked 
|  97|0x0000000086100000, 0x0000000086100000, 0x0000000086200000|  0%| F|  |TAMS 0x0000000086100000, 0x0000000086100000| Untracked 
|  98|0x0000000086200000, 0x0000000086200000, 0x0000000086300000|  0%| F|  |TAMS 0x0000000086200000, 0x0000000086200000| Untracked 
|  99|0x0000000086300000, 0x0000000086300000, 0x0000000086400000|  0%| F|  |TAMS 0x0000000086300000, 0x0000000086300000| Untracked 
| 100|0x0000000086400000, 0x0000000086400000, 0x0000000086500000|  0%| F|  |TAMS 0x0000000086400000, 0x0000000086400000| Untracked 
| 101|0x0000000086500000, 0x0000000086500000, 0x0000000086600000|  0%| F|  |TAMS 0x0000000086500000, 0x0000000086500000| Untracked 
| 102|0x0000000086600000, 0x0000000086600000, 0x0000000086700000|  0%| F|  |TAMS 0x0000000086600000, 0x0000000086600000| Untracked 
| 103|0x0000000086700000, 0x0000000086700000, 0x0000000086800000|  0%| F|  |TAMS 0x0000000086700000, 0x0000000086700000| Untracked 
| 104|0x0000000086800000, 0x0000000086800000, 0x0000000086900000|  0%| F|  |TAMS 0x0000000086800000, 0x0000000086800000| Untracked 
| 105|0x0000000086900000, 0x0000000086900000, 0x0000000086a00000|  0%| F|  |TAMS 0x0000000086900000, 0x0000000086900000| Untracked 
| 106|0x0000000086a00000, 0x0000000086a00000, 0x0000000086b00000|  0%| F|  |TAMS 0x0000000086a00000, 0x0000000086a00000| Untracked 
| 107|0x0000000086b00000, 0x0000000086b00000, 0x0000000086c00000|  0%| F|  |TAMS 0x0000000086b00000, 0x0000000086b00000| Untracked 
| 108|0x0000000086c00000, 0x0000000086c00000, 0x0000000086d00000|  0%| F|  |TAMS 0x0000000086c00000, 0x0000000086c00000| Untracked 
| 109|0x0000000086d00000, 0x0000000086d00000, 0x0000000086e00000|  0%| F|  |TAMS 0x0000000086d00000, 0x0000000086d00000| Untracked 
| 110|0x0000000086e00000, 0x0000000086e00000, 0x0000000086f00000|  0%| F|  |TAMS 0x0000000086e00000, 0x0000000086e00000| Untracked 
| 111|0x0000000086f00000, 0x0000000086f00000, 0x0000000087000000|  0%| F|  |TAMS 0x0000000086f00000, 0x0000000086f00000| Untracked 
| 112|0x0000000087000000, 0x0000000087000000, 0x0000000087100000|  0%| F|  |TAMS 0x0000000087000000, 0x0000000087000000| Untracked 
| 113|0x0000000087100000, 0x0000000087200000, 0x0000000087200000|100%| S|CS|TAMS 0x0000000087100000, 0x0000000087100000| Complete 
| 114|0x0000000087200000, 0x0000000087300000, 0x0000000087300000|100%| S|CS|TAMS 0x0000000087200000, 0x0000000087200000| Complete 
| 115|0x0000000087300000, 0x0000000087400000, 0x0000000087400000|100%| S|CS|TAMS 0x0000000087300000, 0x0000000087300000| Complete 
| 116|0x0000000087400000, 0x0000000087500000, 0x0000000087500000|100%| S|CS|TAMS 0x0000000087400000, 0x0000000087400000| Complete 
| 117|0x0000000087500000, 0x0000000087600000, 0x0000000087600000|100%| S|CS|TAMS 0x0000000087500000, 0x0000000087500000| Complete 
| 118|0x0000000087600000, 0x0000000087700000, 0x0000000087700000|100%| S|CS|TAMS 0x0000000087600000, 0x0000000087600000| Complete 
| 119|0x0000000087700000, 0x0000000087800000, 0x0000000087800000|100%| S|CS|TAMS 0x0000000087700000, 0x0000000087700000| Complete 
| 120|0x0000000087800000, 0x0000000087900000, 0x0000000087900000|100%| S|CS|TAMS 0x0000000087800000, 0x0000000087800000| Complete 
| 121|0x0000000087900000, 0x0000000087a00000, 0x0000000087a00000|100%| S|CS|TAMS 0x0000000087900000, 0x0000000087900000| Complete 
| 122|0x0000000087a00000, 0x0000000087a00000, 0x0000000087b00000|  0%| F|  |TAMS 0x0000000087a00000, 0x0000000087a00000| Untracked 
| 123|0x0000000087b00000, 0x0000000087b00000, 0x0000000087c00000|  0%| F|  |TAMS 0x0000000087b00000, 0x0000000087b00000| Untracked 
| 124|0x0000000087c00000, 0x0000000087c00000, 0x0000000087d00000|  0%| F|  |TAMS 0x0000000087c00000, 0x0000000087c00000| Untracked 
| 125|0x0000000087d00000, 0x0000000087d00000, 0x0000000087e00000|  0%| F|  |TAMS 0x0000000087d00000, 0x0000000087d00000| Untracked 
| 126|0x0000000087e00000, 0x0000000087e00000, 0x0000000087f00000|  0%| F|  |TAMS 0x0000000087e00000, 0x0000000087e00000| Untracked 
| 127|0x0000000087f00000, 0x0000000087f00000, 0x0000000088000000|  0%| F|  |TAMS 0x0000000087f00000, 0x0000000087f00000| Untracked 
| 128|0x0000000088000000, 0x0000000088000000, 0x0000000088100000|  0%| F|  |TAMS 0x0000000088000000, 0x0000000088000000| Untracked 
| 129|0x0000000088100000, 0x0000000088100000, 0x0000000088200000|  0%| F|  |TAMS 0x0000000088100000, 0x0000000088100000| Untracked 
| 130|0x0000000088200000, 0x0000000088200000, 0x0000000088300000|  0%| F|  |TAMS 0x0000000088200000, 0x0000000088200000| Untracked 
| 131|0x0000000088300000, 0x0000000088300000, 0x0000000088400000|  0%| F|  |TAMS 0x0000000088300000, 0x0000000088300000| Untracked 
| 132|0x0000000088400000, 0x0000000088400000, 0x0000000088500000|  0%| F|  |TAMS 0x0000000088400000, 0x0000000088400000| Untracked 
| 133|0x0000000088500000, 0x0000000088500000, 0x0000000088600000|  0%| F|  |TAMS 0x0000000088500000, 0x0000000088500000| Untracked 
| 134|0x0000000088600000, 0x0000000088600000, 0x0000000088700000|  0%| F|  |TAMS 0x0000000088600000, 0x0000000088600000| Untracked 
| 135|0x0000000088700000, 0x0000000088700000, 0x0000000088800000|  0%| F|  |TAMS 0x0000000088700000, 0x0000000088700000| Untracked 
| 136|0x0000000088800000, 0x0000000088800000, 0x0000000088900000|  0%| F|  |TAMS 0x0000000088800000, 0x0000000088800000| Untracked 
| 137|0x0000000088900000, 0x0000000088900000, 0x0000000088a00000|  0%| F|  |TAMS 0x0000000088900000, 0x0000000088900000| Untracked 
| 138|0x0000000088a00000, 0x0000000088a00000, 0x0000000088b00000|  0%| F|  |TAMS 0x0000000088a00000, 0x0000000088a00000| Untracked 
| 139|0x0000000088b00000, 0x0000000088b00000, 0x0000000088c00000|  0%| F|  |TAMS 0x0000000088b00000, 0x0000000088b00000| Untracked 
| 140|0x0000000088c00000, 0x0000000088c00000, 0x0000000088d00000|  0%| F|  |TAMS 0x0000000088c00000, 0x0000000088c00000| Untracked 
| 141|0x0000000088d00000, 0x0000000088d00000, 0x0000000088e00000|  0%| F|  |TAMS 0x0000000088d00000, 0x0000000088d00000| Untracked 
| 142|0x0000000088e00000, 0x0000000088e00000, 0x0000000088f00000|  0%| F|  |TAMS 0x0000000088e00000, 0x0000000088e00000| Untracked 
| 143|0x0000000088f00000, 0x0000000088f00000, 0x0000000089000000|  0%| F|  |TAMS 0x0000000088f00000, 0x0000000088f00000| Untracked 
| 144|0x0000000089000000, 0x0000000089000000, 0x0000000089100000|  0%| F|  |TAMS 0x0000000089000000, 0x0000000089000000| Untracked 
| 145|0x0000000089100000, 0x0000000089100000, 0x0000000089200000|  0%| F|  |TAMS 0x0000000089100000, 0x0000000089100000| Untracked 
| 146|0x0000000089200000, 0x0000000089200000, 0x0000000089300000|  0%| F|  |TAMS 0x0000000089200000, 0x0000000089200000| Untracked 
| 147|0x0000000089300000, 0x0000000089300000, 0x0000000089400000|  0%| F|  |TAMS 0x0000000089300000, 0x0000000089300000| Untracked 
| 148|0x0000000089400000, 0x0000000089400000, 0x0000000089500000|  0%| F|  |TAMS 0x0000000089400000, 0x0000000089400000| Untracked 
| 149|0x0000000089500000, 0x0000000089500000, 0x0000000089600000|  0%| F|  |TAMS 0x0000000089500000, 0x0000000089500000| Untracked 
| 150|0x0000000089600000, 0x0000000089600000, 0x0000000089700000|  0%| F|  |TAMS 0x0000000089600000, 0x0000000089600000| Untracked 
| 151|0x0000000089700000, 0x0000000089700000, 0x0000000089800000|  0%| F|  |TAMS 0x0000000089700000, 0x0000000089700000| Untracked 
| 152|0x0000000089800000, 0x0000000089800000, 0x0000000089900000|  0%| F|  |TAMS 0x0000000089800000, 0x0000000089800000| Untracked 
| 153|0x0000000089900000, 0x0000000089900000, 0x0000000089a00000|  0%| F|  |TAMS 0x0000000089900000, 0x0000000089900000| Untracked 
| 154|0x0000000089a00000, 0x0000000089a00000, 0x0000000089b00000|  0%| F|  |TAMS 0x0000000089a00000, 0x0000000089a00000| Untracked 
| 155|0x0000000089b00000, 0x0000000089b00000, 0x0000000089c00000|  0%| F|  |TAMS 0x0000000089b00000, 0x0000000089b00000| Untracked 
| 156|0x0000000089c00000, 0x0000000089c00000, 0x0000000089d00000|  0%| F|  |TAMS 0x0000000089c00000, 0x0000000089c00000| Untracked 
| 157|0x0000000089d00000, 0x0000000089d00000, 0x0000000089e00000|  0%| F|  |TAMS 0x0000000089d00000, 0x0000000089d00000| Untracked 
| 158|0x0000000089e00000, 0x0000000089e00000, 0x0000000089f00000|  0%| F|  |TAMS 0x0000000089e00000, 0x0000000089e00000| Untracked 
| 159|0x0000000089f00000, 0x0000000089f00000, 0x000000008a000000|  0%| F|  |TAMS 0x0000000089f00000, 0x0000000089f00000| Untracked 
| 160|0x000000008a000000, 0x000000008a000000, 0x000000008a100000|  0%| F|  |TAMS 0x000000008a000000, 0x000000008a000000| Untracked 
| 161|0x000000008a100000, 0x000000008a100000, 0x000000008a200000|  0%| F|  |TAMS 0x000000008a100000, 0x000000008a100000| Untracked 
| 162|0x000000008a200000, 0x000000008a200000, 0x000000008a300000|  0%| F|  |TAMS 0x000000008a200000, 0x000000008a200000| Untracked 
| 163|0x000000008a300000, 0x000000008a300000, 0x000000008a400000|  0%| F|  |TAMS 0x000000008a300000, 0x000000008a300000| Untracked 
| 164|0x000000008a400000, 0x000000008a400000, 0x000000008a500000|  0%| F|  |TAMS 0x000000008a400000, 0x000000008a400000| Untracked 
| 165|0x000000008a500000, 0x000000008a500000, 0x000000008a600000|  0%| F|  |TAMS 0x000000008a500000, 0x000000008a500000| Untracked 
| 166|0x000000008a600000, 0x000000008a600000, 0x000000008a700000|  0%| F|  |TAMS 0x000000008a600000, 0x000000008a600000| Untracked 
| 167|0x000000008a700000, 0x000000008a700000, 0x000000008a800000|  0%| F|  |TAMS 0x000000008a700000, 0x000000008a700000| Untracked 
| 168|0x000000008a800000, 0x000000008a800000, 0x000000008a900000|  0%| F|  |TAMS 0x000000008a800000, 0x000000008a800000| Untracked 
| 169|0x000000008a900000, 0x000000008a900000, 0x000000008aa00000|  0%| F|  |TAMS 0x000000008a900000, 0x000000008a900000| Untracked 
| 170|0x000000008aa00000, 0x000000008aa00000, 0x000000008ab00000|  0%| F|  |TAMS 0x000000008aa00000, 0x000000008aa00000| Untracked 
| 171|0x000000008ab00000, 0x000000008ab00000, 0x000000008ac00000|  0%| F|  |TAMS 0x000000008ab00000, 0x000000008ab00000| Untracked 
| 172|0x000000008ac00000, 0x000000008ac00000, 0x000000008ad00000|  0%| F|  |TAMS 0x000000008ac00000, 0x000000008ac00000| Untracked 
| 173|0x000000008ad00000, 0x000000008ad00000, 0x000000008ae00000|  0%| F|  |TAMS 0x000000008ad00000, 0x000000008ad00000| Untracked 
| 174|0x000000008ae00000, 0x000000008ae00000, 0x000000008af00000|  0%| F|  |TAMS 0x000000008ae00000, 0x000000008ae00000| Untracked 
| 175|0x000000008af00000, 0x000000008af00000, 0x000000008b000000|  0%| F|  |TAMS 0x000000008af00000, 0x000000008af00000| Untracked 
| 176|0x000000008b000000, 0x000000008b000000, 0x000000008b100000|  0%| F|  |TAMS 0x000000008b000000, 0x000000008b000000| Untracked 
| 177|0x000000008b100000, 0x000000008b100000, 0x000000008b200000|  0%| F|  |TAMS 0x000000008b100000, 0x000000008b100000| Untracked 
| 178|0x000000008b200000, 0x000000008b200000, 0x000000008b300000|  0%| F|  |TAMS 0x000000008b200000, 0x000000008b200000| Untracked 
| 179|0x000000008b300000, 0x000000008b300000, 0x000000008b400000|  0%| F|  |TAMS 0x000000008b300000, 0x000000008b300000| Untracked 
| 180|0x000000008b400000, 0x000000008b400000, 0x000000008b500000|  0%| F|  |TAMS 0x000000008b400000, 0x000000008b400000| Untracked 
| 181|0x000000008b500000, 0x000000008b580800, 0x000000008b600000| 50%| E|  |TAMS 0x000000008b500000, 0x000000008b500000| Complete 
| 182|0x000000008b600000, 0x000000008b700000, 0x000000008b700000|100%| E|CS|TAMS 0x000000008b600000, 0x000000008b600000| Complete 
| 183|0x000000008b700000, 0x000000008b800000, 0x000000008b800000|100%| E|CS|TAMS 0x000000008b700000, 0x000000008b700000| Complete 
| 184|0x000000008b800000, 0x000000008b900000, 0x000000008b900000|100%| E|CS|TAMS 0x000000008b800000, 0x000000008b800000| Complete 
| 185|0x000000008b900000, 0x000000008ba00000, 0x000000008ba00000|100%| E|CS|TAMS 0x000000008b900000, 0x000000008b900000| Complete 
| 186|0x000000008ba00000, 0x000000008bb00000, 0x000000008bb00000|100%| E|CS|TAMS 0x000000008ba00000, 0x000000008ba00000| Complete 
| 187|0x000000008bb00000, 0x000000008bc00000, 0x000000008bc00000|100%| E|CS|TAMS 0x000000008bb00000, 0x000000008bb00000| Complete 
| 188|0x000000008bc00000, 0x000000008bd00000, 0x000000008bd00000|100%| E|CS|TAMS 0x000000008bc00000, 0x000000008bc00000| Complete 
| 189|0x000000008bd00000, 0x000000008be00000, 0x000000008be00000|100%| E|CS|TAMS 0x000000008bd00000, 0x000000008bd00000| Complete 
| 190|0x000000008be00000, 0x000000008bf00000, 0x000000008bf00000|100%| E|CS|TAMS 0x000000008be00000, 0x000000008be00000| Complete 

Card table byte_map: [0x000001c1714a0000,0x000001c1718a0000] _byte_map_base: 0x000001c1710a0000

Marking Bits (Prev, Next): (CMBitMap*) 0x000001c16d5cc838, (CMBitMap*) 0x000001c16d5cc870
 Prev Bits: [0x000001c171ca0000, 0x000001c173ca0000)
 Next Bits: [0x000001c173ca0000, 0x000001c175ca0000)

Polling page: 0x000001c16b730000

Metaspace:

Usage:
  Non-class:     60.12 MB capacity,    59.15 MB ( 98%) used,   824.60 KB (  1%) free+waste,   171.25 KB ( <1%) overhead. 
      Class:      9.45 MB capacity,     8.85 MB ( 94%) used,   535.20 KB (  6%) free+waste,    80.06 KB ( <1%) overhead. 
       Both:     69.58 MB capacity,    68.00 MB ( 98%) used,     1.33 MB (  2%) free+waste,   251.31 KB ( <1%) overhead. 

Virtual space:
  Non-class space:       68.00 MB reserved,      60.25 MB ( 89%) committed 
      Class space:        1.00 GB reserved,       9.52 MB ( <1%) committed 
             Both:        1.07 GB reserved,      69.77 MB (  6%) committed 

Chunk freelists:
   Non-Class:  1.00 KB
       Class:  16.00 KB
        Both:  17.00 KB

MaxMetaspaceSize: 17179869184.00 GB
CompressedClassSpaceSize: 1.00 GB
Initial GC threshold: 20.80 MB
Current GC threshold: 107.75 MB
CDS: off

CodeHeap 'non-profiled nmethods': size=120064Kb used=3618Kb max_used=3618Kb free=116445Kb
 bounds [0x000001c107ac0000, 0x000001c107e50000, 0x000001c10f000000]
CodeHeap 'profiled nmethods': size=120000Kb used=14651Kb max_used=14651Kb free=105348Kb
 bounds [0x000001c100590000, 0x000001c1013e0000, 0x000001c107ac0000]
CodeHeap 'non-nmethods': size=5696Kb used=2350Kb max_used=2381Kb free=3346Kb
 bounds [0x000001c100000000, 0x000001c100270000, 0x000001c100590000]
 total_blobs=7575 nmethods=6717 adapters=770
 compilation: enabled
              stopped_count=0, restarted_count=0
 full_count=0

Compilation events (20 events):
Event: 26.253 Thread 0x000001c1781a9000 6754       3       com.android.build.api.artifact.impl.StorageProviderImpl::getStorage (57 bytes)
Event: 26.255 Thread 0x000001c1781a9000 nmethod 6754 0x000001c1013c4310 code [0x000001c1013c4600, 0x000001c1013c5578]
Event: 26.255 Thread 0x000001c1781a9000 6753       1       com.android.builder.core.VariantTypeImpl::isForTesting (5 bytes)
Event: 26.255 Thread 0x000001c1781a9000 nmethod 6753 0x000001c107e48710 code [0x000001c107e488c0, 0x000001c107e48978]
Event: 26.255 Thread 0x000001c1781a9000 6755       3       com.android.build.gradle.options.ProjectOptions$OptionValue$$Lambda$576/0x000000010069b840::call (12 bytes)
Event: 26.256 Thread 0x000001c1781a9000 nmethod 6755 0x000001c1013c5a90 code [0x000001c1013c5ca0, 0x000001c1013c6358]
Event: 26.256 Thread 0x000001c1781a9000 6756       3       com.android.build.gradle.options.ProjectOptions$OptionValue::lambda$setValueForUseAtConfiguration$0 (32 bytes)
Event: 26.256 Thread 0x000001c1781a9000 nmethod 6756 0x000001c1013c6590 code [0x000001c1013c67a0, 0x000001c1013c6df8]
Event: 26.258 Thread 0x000001c1781a9000 6759       3       org.gradle.api.internal.provider.Collectors$ElementFromProvider::<init> (10 bytes)
Event: 26.258 Thread 0x000001c1781a9000 nmethod 6759 0x000001c1013c7010 code [0x000001c1013c71c0, 0x000001c1013c7378]
Event: 26.258 Thread 0x000001c1781a9000 6760       3       org.gradle.invocation.DefaultGradle_Decorated::getIdentityPath (39 bytes)
Event: 26.260 Thread 0x000001c1781a9000 nmethod 6760 0x000001c1013c7410 code [0x000001c1013c7720, 0x000001c1013c8b68]
Event: 26.260 Thread 0x000001c1781a9000 6761       3       org.gradle.invocation.DefaultGradle::getIdentityPath (35 bytes)
Event: 26.261 Thread 0x000001c1781a9000 nmethod 6761 0x000001c1013c9090 code [0x000001c1013c92a0, 0x000001c1013c99c8]
Event: 26.261 Thread 0x000001c1781a9000 6762       3       org.gradle.model.internal.core.ModelPath::compareTo (19 bytes)
Event: 26.261 Thread 0x000001c1781a9000 nmethod 6762 0x000001c1013c9c10 code [0x000001c1013c9de0, 0x000001c1013c9f68]
Event: 26.264 Thread 0x000001c1781a9000 6763       3       com.android.build.api.artifact.impl.ArtifactsImpl::getArtifactContainer$gradle_core (34 bytes)
Event: 26.265 Thread 0x000001c1781a9000 nmethod 6763 0x000001c1013ca090 code [0x000001c1013ca2e0, 0x000001c1013ca968]
Event: 26.265 Thread 0x000001c1781a9000 6764  s    3       com.android.build.api.artifact.impl.TypedStorageProvider::getArtifact$gradle_core (80 bytes)
Event: 26.266 Thread 0x000001c1781a9000 nmethod 6764 0x000001c1013cac90 code [0x000001c1013cafa0, 0x000001c1013cc108]

GC Heap History (20 events):
Event: 4.981 GC heap before
{Heap before GC invocations=3 (full 0):
 garbage-first heap   total 129024K, used 53328K [0x0000000080000000, 0x0000000100000000)
  region size 1024K, 44 young (45056K), 3 survivors (3072K)
 Metaspace       used 17487K, capacity 17811K, committed 18176K, reserved 1064960K
  class space    used 2045K, capacity 2177K, committed 2304K, reserved 1048576K
}
Event: 4.994 GC heap after
{Heap after GC invocations=4 (full 0):
 garbage-first heap   total 129024K, used 15898K [0x0000000080000000, 0x0000000100000000)
  region size 1024K, 6 young (6144K), 6 survivors (6144K)
 Metaspace       used 17487K, capacity 17811K, committed 18176K, reserved 1064960K
  class space    used 2045K, capacity 2177K, committed 2304K, reserved 1048576K
}
Event: 5.513 GC heap before
{Heap before GC invocations=4 (full 0):
 garbage-first heap   total 129024K, used 46618K [0x0000000080000000, 0x0000000100000000)
  region size 1024K, 37 young (37888K), 6 survivors (6144K)
 Metaspace       used 20698K, capacity 21135K, committed 21248K, reserved 1067008K
  class space    used 2539K, capacity 2710K, committed 2816K, reserved 1048576K
}
Event: 5.526 GC heap after
{Heap after GC invocations=5 (full 0):
 garbage-first heap   total 129024K, used 17193K [0x0000000080000000, 0x0000000100000000)
  region size 1024K, 2 young (2048K), 2 survivors (2048K)
 Metaspace       used 20698K, capacity 21135K, committed 21248K, reserved 1067008K
  class space    used 2539K, capacity 2710K, committed 2816K, reserved 1048576K
}
Event: 6.685 GC heap before
{Heap before GC invocations=6 (full 0):
 garbage-first heap   total 129024K, used 67369K [0x0000000080000000, 0x0000000100000000)
  region size 1024K, 51 young (52224K), 2 survivors (2048K)
 Metaspace       used 25883K, capacity 26387K, committed 26624K, reserved 1073152K
  class space    used 3345K, capacity 3551K, committed 3584K, reserved 1048576K
}
Event: 6.694 GC heap after
{Heap after GC invocations=7 (full 0):
 garbage-first heap   total 129024K, used 18835K [0x0000000080000000, 0x0000000100000000)
  region size 1024K, 3 young (3072K), 3 survivors (3072K)
 Metaspace       used 25883K, capacity 26387K, committed 26624K, reserved 1073152K
  class space    used 3345K, capacity 3551K, committed 3584K, reserved 1048576K
}
Event: 11.433 GC heap before
{Heap before GC invocations=7 (full 0):
 garbage-first heap   total 129024K, used 81299K [0x0000000080000000, 0x0000000100000000)
  region size 1024K, 65 young (66560K), 3 survivors (3072K)
 Metaspace       used 34974K, capacity 35786K, committed 35840K, reserved 1081344K
  class space    used 4523K, capacity 4839K, committed 4864K, reserved 1048576K
}
Event: 11.462 GC heap after
{Heap after GC invocations=8 (full 0):
 garbage-first heap   total 129024K, used 22187K [0x0000000080000000, 0x0000000100000000)
  region size 1024K, 7 young (7168K), 7 survivors (7168K)
 Metaspace       used 34974K, capacity 35786K, committed 35840K, reserved 1081344K
  class space    used 4523K, capacity 4839K, committed 4864K, reserved 1048576K
}
Event: 14.127 GC heap before
{Heap before GC invocations=9 (full 0):
 garbage-first heap   total 129024K, used 89771K [0x0000000080000000, 0x0000000100000000)
  region size 1024K, 71 young (72704K), 7 survivors (7168K)
 Metaspace       used 40008K, capacity 40910K, committed 41036K, reserved 1085440K
  class space    used 5105K, capacity 5434K, committed 5452K, reserved 1048576K
}
Event: 14.158 GC heap after
{Heap after GC invocations=10 (full 0):
 garbage-first heap   total 162816K, used 27640K [0x0000000080000000, 0x0000000100000000)
  region size 1024K, 9 young (9216K), 9 survivors (9216K)
 Metaspace       used 40008K, capacity 40910K, committed 41036K, reserved 1085440K
  class space    used 5105K, capacity 5434K, committed 5452K, reserved 1048576K
}
Event: 17.572 GC heap before
{Heap before GC invocations=10 (full 0):
 garbage-first heap   total 162816K, used 115704K [0x0000000080000000, 0x0000000100000000)
  region size 1024K, 95 young (97280K), 9 survivors (9216K)
 Metaspace       used 47620K, capacity 48750K, committed 48844K, reserved 1091584K
  class space    used 6114K, capacity 6548K, committed 6604K, reserved 1048576K
}
Event: 17.604 GC heap after
{Heap after GC invocations=11 (full 0):
 garbage-first heap   total 162816K, used 31316K [0x0000000080000000, 0x0000000100000000)
  region size 1024K, 9 young (9216K), 9 survivors (9216K)
 Metaspace       used 47620K, capacity 48750K, committed 48844K, reserved 1091584K
  class space    used 6114K, capacity 6548K, committed 6604K, reserved 1048576K
}
Event: 20.566 GC heap before
{Heap before GC invocations=11 (full 0):
 garbage-first heap   total 162816K, used 123476K [0x0000000080000000, 0x0000000100000000)
  region size 1024K, 95 young (97280K), 9 survivors (9216K)
 Metaspace       used 54741K, capacity 56030K, committed 56268K, reserved 1097728K
  class space    used 7015K, capacity 7528K, committed 7628K, reserved 1048576K
}
Event: 20.592 GC heap after
{Heap after GC invocations=12 (full 0):
 garbage-first heap   total 162816K, used 44319K [0x0000000080000000, 0x0000000100000000)
  region size 1024K, 12 young (12288K), 12 survivors (12288K)
 Metaspace       used 54741K, capacity 56030K, committed 56268K, reserved 1097728K
  class space    used 7015K, capacity 7528K, committed 7628K, reserved 1048576K
}
Event: 21.532 GC heap before
{Heap before GC invocations=12 (full 0):
 garbage-first heap   total 162816K, used 68895K [0x0000000080000000, 0x0000000100000000)
  region size 1024K, 37 young (37888K), 12 survivors (12288K)
 Metaspace       used 58839K, capacity 60221K, committed 60288K, reserved 1101824K
  class space    used 7490K, capacity 8046K, committed 8064K, reserved 1048576K
}
Event: 21.559 GC heap after
{Heap after GC invocations=13 (full 0):
 garbage-first heap   total 162816K, used 46745K [0x0000000080000000, 0x0000000100000000)
  region size 1024K, 2 young (2048K), 2 survivors (2048K)
 Metaspace       used 58839K, capacity 60221K, committed 60288K, reserved 1101824K
  class space    used 7490K, capacity 8046K, committed 8064K, reserved 1048576K
}
Event: 23.255 GC heap before
{Heap before GC invocations=14 (full 0):
 garbage-first heap   total 162816K, used 102041K [0x0000000080000000, 0x0000000100000000)
  region size 1024K, 57 young (58368K), 2 survivors (2048K)
 Metaspace       used 64121K, capacity 65605K, committed 65816K, reserved 1105920K
  class space    used 8128K, capacity 8662K, committed 8728K, reserved 1048576K
}
Event: 23.286 GC heap after
{Heap after GC invocations=15 (full 0):
 garbage-first heap   total 195584K, used 50664K [0x0000000080000000, 0x0000000100000000)
  region size 1024K, 6 young (6144K), 6 survivors (6144K)
 Metaspace       used 64121K, capacity 65605K, committed 65816K, reserved 1105920K
  class space    used 8128K, capacity 8662K, committed 8728K, reserved 1048576K
}
Event: 26.007 GC heap before
{Heap before GC invocations=16 (full 0):
 garbage-first heap   total 195584K, used 122344K [0x0000000080000000, 0x0000000100000000)
  region size 1024K, 75 young (76800K), 6 survivors (6144K)
 Metaspace       used 68292K, capacity 69882K, committed 70168K, reserved 1114112K
  class space    used 8801K, capacity 9419K, committed 9496K, reserved 1048576K
}
Event: 26.027 GC heap after
{Heap after GC invocations=17 (full 0):
 garbage-first heap   total 195584K, used 55012K [0x0000000080000000, 0x0000000100000000)
  region size 1024K, 9 young (9216K), 9 survivors (9216K)
 Metaspace       used 68292K, capacity 69882K, committed 70168K, reserved 1114112K
  class space    used 8801K, capacity 9419K, committed 9496K, reserved 1048576K
}

Deoptimization events (20 events):
Event: 24.124 Thread 0x000001c17a94f800 Uncommon trap: trap_request=0xffffff4d fr.pc=0x000001c107b14314 relative=0x0000000000000454
Event: 24.124 Thread 0x000001c17a94f800 Uncommon trap: reason=unstable_if action=reinterpret pc=0x000001c107b14314 method=java.lang.AbstractStringBuilder.putStringAt(ILjava/lang/String;)V @ 8 c2
Event: 24.124 Thread 0x000001c17a94f800 DEOPT PACKING pc=0x000001c107b14314 sp=0x000000b1c63f67b0
Event: 24.124 Thread 0x000001c17a94f800 DEOPT UNPACKING pc=0x000001c10004a1af sp=0x000000b1c63f6710 mode 2
Event: 24.124 Thread 0x000001c17a94f800 Uncommon trap: trap_request=0xffffff4d fr.pc=0x000001c107af6aec relative=0x00000000000000cc
Event: 24.124 Thread 0x000001c17a94f800 Uncommon trap: reason=unstable_if action=reinterpret pc=0x000001c107af6aec method=java.lang.String.getBytes([BIB)V @ 5 c2
Event: 24.124 Thread 0x000001c17a94f800 DEOPT PACKING pc=0x000001c107af6aec sp=0x000000b1c63f66c0
Event: 24.124 Thread 0x000001c17a94f800 DEOPT UNPACKING pc=0x000001c10004a1af sp=0x000000b1c63f6688 mode 2
Event: 24.490 Thread 0x000001c17a94f800 Uncommon trap: trap_request=0xffffff4d fr.pc=0x000001c107c94280 relative=0x0000000000000340
Event: 24.490 Thread 0x000001c17a94f800 Uncommon trap: reason=unstable_if action=reinterpret pc=0x000001c107c94280 method=java.util.StringJoiner.add(Ljava/lang/CharSequence;)Ljava/util/StringJoiner; @ 33 c2
Event: 24.490 Thread 0x000001c17a94f800 DEOPT PACKING pc=0x000001c107c94280 sp=0x000000b1c63f56e0
Event: 24.490 Thread 0x000001c17a94f800 DEOPT UNPACKING pc=0x000001c10004a1af sp=0x000000b1c63f5690 mode 2
Event: 24.847 Thread 0x000001c17a94f800 Uncommon trap: trap_request=0xfffffff4 fr.pc=0x000001c107e18ae8 relative=0x00000000000009c8
Event: 24.847 Thread 0x000001c17a94f800 Uncommon trap: reason=null_check action=make_not_entrant pc=0x000001c107e18ae8 method=com.sun.beans.introspect.MethodInfo$MethodOrder.compare(Ljava/lang/reflect/Method;Ljava/lang/reflect/Method;)I @ 133 c2
Event: 24.847 Thread 0x000001c17a94f800 DEOPT PACKING pc=0x000001c107e18ae8 sp=0x000000b1c63f3680
Event: 24.847 Thread 0x000001c17a94f800 DEOPT UNPACKING pc=0x000001c10004a1af sp=0x000000b1c63f35b0 mode 2
Event: 24.993 Thread 0x000001c17a94f800 Uncommon trap: trap_request=0xffffff4d fr.pc=0x000001c107ce76e8 relative=0x0000000000000f68
Event: 24.993 Thread 0x000001c17a94f800 Uncommon trap: reason=unstable_if action=reinterpret pc=0x000001c107ce76e8 method=org.codehaus.groovy.runtime.metaclass.MetaMethodIndex.isOverridden(Lgroovy/lang/MetaMethod;Lgroovy/lang/MetaMethod;)Z @ 33 c2
Event: 24.993 Thread 0x000001c17a94f800 DEOPT PACKING pc=0x000001c107ce76e8 sp=0x000000b1c63f45b0
Event: 24.993 Thread 0x000001c17a94f800 DEOPT UNPACKING pc=0x000001c10004a1af sp=0x000000b1c63f4508 mode 2

Classes redefined (0 events):
No events

Internal exceptions (20 events):
Event: 25.000 Thread 0x000001c17a94f800 Exception <a 'java/lang/ClassNotFoundException'{0x00000000896b9960}: com/android/builder/core/AbstractBuildTypeCustomizer> (0x00000000896b9960) thrown at [./src/hotspot/share/classfile/systemDictionary.cpp, line 231]
Event: 25.002 Thread 0x000001c17a94f800 Exception <a 'java/lang/ClassNotFoundException'{0x00000000896effa0}: com/android/build/gradle/internal/dsl/BuildTypeCustomizer> (0x00000000896effa0) thrown at [./src/hotspot/share/classfile/systemDictionary.cpp, line 231]
Event: 25.007 Thread 0x000001c17a94f800 Exception <a 'java/lang/ClassNotFoundException'{0x0000000089587220}: com/android/build/gradle/internal/dsl/BuildType$AgpDecoratedCustomizer> (0x0000000089587220) thrown at [./src/hotspot/share/classfile/systemDictionary.cpp, line 231]
Event: 25.009 Thread 0x000001c17a94f800 Exception <a 'java/lang/ClassNotFoundException'{0x00000000895d8458}: com/android/build/gradle/internal/dsl/BuildType$AgpDecorated_DecoratedCustomizer> (0x00000000895d8458) thrown at [./src/hotspot/share/classfile/systemDictionary.cpp, line 231]
Event: 25.017 Thread 0x000001c17a94f800 Exception <a 'java/lang/ClassNotFoundException'{0x00000000894a77b8}: build_d36245exrhe54xugn9ud4lbuv$_run_closure1$_closure4BeanInfo> (0x00000000894a77b8) thrown at [./src/hotspot/share/classfile/systemDictionary.cpp, line 231]
Event: 25.017 Thread 0x000001c17a94f800 Exception <a 'java/lang/ClassNotFoundException'{0x00000000894b8be0}: build_d36245exrhe54xugn9ud4lbuv$_run_closure1$_closure4Customizer> (0x00000000894b8be0) thrown at [./src/hotspot/share/classfile/systemDictionary.cpp, line 231]
Event: 25.020 Thread 0x000001c17a94f800 Exception <a 'java/lang/ClassNotFoundException'{0x00000000894e2530}: build_d36245exrhe54xugn9ud4lbuv$_run_closure1BeanInfo> (0x00000000894e2530) thrown at [./src/hotspot/share/classfile/systemDictionary.cpp, line 231]
Event: 25.021 Thread 0x000001c17a94f800 Exception <a 'java/lang/ClassNotFoundException'{0x00000000894f2ef0}: build_d36245exrhe54xugn9ud4lbuv$_run_closure1Customizer> (0x00000000894f2ef0) thrown at [./src/hotspot/share/classfile/systemDictionary.cpp, line 231]
Event: 25.027 Thread 0x000001c17a94f800 Exception <a 'java/lang/ClassNotFoundException'{0x00000000893525e0}: org/gradle/api/JavaVersionBeanInfo> (0x00000000893525e0) thrown at [./src/hotspot/share/classfile/systemDictionary.cpp, line 231]
Event: 25.028 Thread 0x000001c17a94f800 Exception <a 'java/lang/ClassNotFoundException'{0x000000008937d3c8}: org/gradle/api/JavaVersionCustomizer> (0x000000008937d3c8) thrown at [./src/hotspot/share/classfile/systemDictionary.cpp, line 231]
Event: 25.034 Thread 0x000001c17a94f800 Exception <a 'java/lang/ClassNotFoundException'{0x00000000893e4eb0}: com/android/build/gradle/internal/CompileOptions$AgpDecorated_DecoratedBeanInfo> (0x00000000893e4eb0) thrown at [./src/hotspot/share/classfile/systemDictionary.cpp, line 231]
Event: 25.034 Thread 0x000001c17a94f800 Exception <a 'java/lang/ClassNotFoundException'{0x0000000089200d98}: com/android/build/gradle/internal/CompileOptions$AgpDecoratedBeanInfo> (0x0000000089200d98) thrown at [./src/hotspot/share/classfile/systemDictionary.cpp, line 231]
Event: 25.035 Thread 0x000001c17a94f800 Exception <a 'java/lang/ClassNotFoundException'{0x000000008921a948}: com/android/build/gradle/internal/CompileOptionsBeanInfo> (0x000000008921a948) thrown at [./src/hotspot/share/classfile/systemDictionary.cpp, line 231]
Event: 25.036 Thread 0x000001c17a94f800 Exception <a 'java/lang/ClassNotFoundException'{0x0000000089234ae8}: com/android/build/gradle/internal/CompileOptionsCustomizer> (0x0000000089234ae8) thrown at [./src/hotspot/share/classfile/systemDictionary.cpp, line 231]
Event: 25.037 Thread 0x000001c17a94f800 Exception <a 'java/lang/ClassNotFoundException'{0x000000008925c1a0}: com/android/build/gradle/internal/CompileOptions$AgpDecoratedCustomizer> (0x000000008925c1a0) thrown at [./src/hotspot/share/classfile/systemDictionary.cpp, line 231]
Event: 25.039 Thread 0x000001c17a94f800 Exception <a 'java/lang/ClassNotFoundException'{0x0000000089287020}: com/android/build/gradle/internal/CompileOptions$AgpDecorated_DecoratedCustomizer> (0x0000000089287020) thrown at [./src/hotspot/share/classfile/systemDictionary.cpp, line 231]
Event: 25.045 Thread 0x000001c17a94f800 Exception <a 'java/lang/ClassNotFoundException'{0x0000000089146f38}: org/gradle/api/internal/artifacts/dsl/dependencies/DefaultDependencyHandler_DecoratedBeanInfo> (0x0000000089146f38) thrown at [./src/hotspot/share/classfile/systemDictionary.cpp, line 231]
Event: 25.046 Thread 0x000001c17a94f800 Exception <a 'java/lang/ClassNotFoundException'{0x0000000089190248}: org/gradle/api/internal/artifacts/dsl/dependencies/DefaultDependencyHandlerBeanInfo> (0x0000000089190248) thrown at [./src/hotspot/share/classfile/systemDictionary.cpp, line 231]
Event: 25.048 Thread 0x000001c17a94f800 Exception <a 'java/lang/ClassNotFoundException'{0x00000000891d8d08}: org/gradle/api/internal/artifacts/dsl/dependencies/DefaultDependencyHandlerCustomizer> (0x00000000891d8d08) thrown at [./src/hotspot/share/classfile/systemDictionary.cpp, line 231]
Event: 25.050 Thread 0x000001c17a94f800 Exception <a 'java/lang/ClassNotFoundException'{0x0000000089049010}: org/gradle/api/internal/artifacts/dsl/dependencies/DefaultDependencyHandler_DecoratedCustomizer> (0x0000000089049010) thrown at [./src/hotspot/share/classfile/systemDictionary.cpp, line 231]

Events (20 events):
Event: 26.266 loading class com/android/build/gradle/internal/test/AbstractTestDataImpl$flavorName$1
Event: 26.266 loading class com/android/build/gradle/internal/test/AbstractTestDataImpl$flavorName$1 done
Event: 26.267 loading class com/android/build/gradle/internal/test/AbstractTestDataImpl$testDirectories$1
Event: 26.267 loading class com/android/build/gradle/internal/test/AbstractTestDataImpl$testDirectories$1 done
Event: 26.267 loading class com/android/build/gradle/internal/test/TestDataImpl$libraryType$1
Event: 26.267 loading class com/android/build/gradle/internal/test/TestDataImpl$libraryType$1 done
Event: 26.268 loading class com/android/build/gradle/internal/TaskManager$configureTestData$1
Event: 26.268 loading class com/android/build/gradle/internal/TaskManager$configureTestData$1 done
Event: 26.268 loading class com/android/build/gradle/internal/TaskManager$createConnectedTestForVariant$connectedCheckSerials$1
Event: 26.268 loading class com/android/build/gradle/internal/TaskManager$createConnectedTestForVariant$connectedCheckSerials$1 done
Event: 26.268 loading class com/android/build/gradle/internal/tasks/DeviceProviderInstrumentTestTask$CreationAction
Event: 26.268 loading class com/android/build/gradle/internal/tasks/DeviceProviderInstrumentTestTask$CreationAction done
Event: 26.270 loading class com/android/build/gradle/internal/tasks/DeviceProviderInstrumentTestTask$CreationAction$Type
Event: 26.270 loading class com/android/build/gradle/internal/tasks/DeviceProviderInstrumentTestTask$CreationAction$Type done
Event: 26.270 loading class com/android/build/gradle/internal/tasks/DeviceProviderInstrumentTestTask
Event: 26.270 loading class com/android/build/gradle/internal/tasks/DeviceProviderInstrumentTestTask done
Event: 26.271 loading class com/android/build/gradle/internal/tasks/AndroidTestTask
Event: 26.271 loading class com/android/build/gradle/internal/tasks/AndroidTestTask done
Event: 26.271 loading class org/gradle/api/tasks/VerificationTask
Event: 26.271 loading class org/gradle/api/tasks/VerificationTask done


Dynamic libraries:
0x00007ff6a8a60000 - 0x00007ff6a8a6a000 	C:\Program Files\Android\Android Studio\jre\bin\java.exe
0x00007ffc1d3d0000 - 0x00007ffc1d5c8000 	C:\WINDOWS\SYSTEM32\ntdll.dll
0x00007ffc1d2d0000 - 0x00007ffc1d38d000 	C:\WINDOWS\System32\KERNEL32.DLL
0x00007ffc1aaf0000 - 0x00007ffc1adbe000 	C:\WINDOWS\System32\KERNELBASE.dll
0x00007ffc1af60000 - 0x00007ffc1b060000 	C:\WINDOWS\System32\ucrtbase.dll
0x00007ffc172d0000 - 0x00007ffc172e9000 	C:\Program Files\Android\Android Studio\jre\bin\jli.dll
0x00007ffc148e0000 - 0x00007ffc148f7000 	C:\Program Files\Android\Android Studio\jre\bin\VCRUNTIME140.dll
0x00007ffc1bb10000 - 0x00007ffc1bcb0000 	C:\WINDOWS\System32\USER32.dll
0x00007ffc06ef0000 - 0x00007ffc0718a000 	C:\WINDOWS\WinSxS\amd64_microsoft.windows.common-controls_6595b64144ccf1df_6.0.19041.1110_none_60b5254171f9507e\COMCTL32.dll
0x00007ffc1b2d0000 - 0x00007ffc1b2f2000 	C:\WINDOWS\System32\win32u.dll
0x00007ffc1bfa0000 - 0x00007ffc1bfca000 	C:\WINDOWS\System32\GDI32.dll
0x00007ffc1d230000 - 0x00007ffc1d2ce000 	C:\WINDOWS\System32\msvcrt.dll
0x00007ffc1adc0000 - 0x00007ffc1aecb000 	C:\WINDOWS\System32\gdi32full.dll
0x00007ffc1b0d0000 - 0x00007ffc1b16d000 	C:\WINDOWS\System32\msvcp_win.dll
0x00007ffc1bd20000 - 0x00007ffc1bd50000 	C:\WINDOWS\System32\IMM32.DLL
0x00007ffbfb5c0000 - 0x00007ffbfb65d000 	C:\Program Files\Android\Android Studio\jre\bin\msvcp140.dll
0x00007ffbd12c0000 - 0x00007ffbd1da5000 	C:\Program Files\Android\Android Studio\jre\bin\server\jvm.dll
0x00007ffc1bff0000 - 0x00007ffc1c09e000 	C:\WINDOWS\System32\ADVAPI32.dll
0x00007ffc1c970000 - 0x00007ffc1ca0c000 	C:\WINDOWS\System32\sechost.dll
0x00007ffc1c240000 - 0x00007ffc1c365000 	C:\WINDOWS\System32\RPCRT4.dll
0x00007ffc1bd50000 - 0x00007ffc1bd58000 	C:\WINDOWS\System32\PSAPI.DLL
0x00007ffc038b0000 - 0x00007ffc038b9000 	C:\WINDOWS\SYSTEM32\WSOCK32.dll
0x00007ffc026e0000 - 0x00007ffc02707000 	C:\WINDOWS\SYSTEM32\WINMM.dll
0x00007ffc12210000 - 0x00007ffc1221a000 	C:\WINDOWS\SYSTEM32\VERSION.dll
0x00007ffc1bcb0000 - 0x00007ffc1bd1b000 	C:\WINDOWS\System32\WS2_32.dll
0x00007ffc19380000 - 0x00007ffc19392000 	C:\WINDOWS\SYSTEM32\kernel.appcore.dll
0x00007ffc16990000 - 0x00007ffc169a1000 	C:\Program Files\Android\Android Studio\jre\bin\verify.dll
0x00007ffc19050000 - 0x00007ffc19234000 	C:\WINDOWS\SYSTEM32\DBGHELP.DLL
0x00007ffc03880000 - 0x00007ffc038ac000 	C:\WINDOWS\SYSTEM32\dbgcore.DLL
0x00007ffc1aed0000 - 0x00007ffc1af52000 	C:\WINDOWS\System32\bcryptPrimitives.dll
0x00007ffc16960000 - 0x00007ffc16989000 	C:\Program Files\Android\Android Studio\jre\bin\java.dll
0x00007ffc174f0000 - 0x00007ffc174fb000 	C:\Program Files\Android\Android Studio\jre\bin\jimage.dll
0x00007ffc13480000 - 0x00007ffc13498000 	C:\Program Files\Android\Android Studio\jre\bin\zip.dll
0x00007ffc1ca10000 - 0x00007ffc1d154000 	C:\WINDOWS\System32\SHELL32.dll
0x00007ffc187e0000 - 0x00007ffc18f74000 	C:\WINDOWS\SYSTEM32\windows.storage.dll
0x00007ffc1c5b0000 - 0x00007ffc1c904000 	C:\WINDOWS\System32\combase.dll
0x00007ffc1a480000 - 0x00007ffc1a4b0000 	C:\WINDOWS\SYSTEM32\Wldp.dll
0x00007ffc1b9e0000 - 0x00007ffc1ba8d000 	C:\WINDOWS\System32\SHCORE.dll
0x00007ffc1c910000 - 0x00007ffc1c965000 	C:\WINDOWS\System32\shlwapi.dll
0x00007ffc1aa30000 - 0x00007ffc1aa4f000 	C:\WINDOWS\SYSTEM32\profapi.dll
0x00007ffc05990000 - 0x00007ffc059aa000 	C:\Program Files\Android\Android Studio\jre\bin\net.dll
0x00007ffc05ee0000 - 0x00007ffc05fea000 	C:\WINDOWS\SYSTEM32\WINHTTP.dll
0x00007ffc1a1e0000 - 0x00007ffc1a24a000 	C:\WINDOWS\system32\mswsock.dll
0x00007ffc04df0000 - 0x00007ffc04e04000 	C:\Program Files\Android\Android Studio\jre\bin\nio.dll
0x00007ffbeeb20000 - 0x00007ffbeeb47000 	C:\Users\User\.jdks\openjdk-16.0.1\native\e1d6ef7f7dcc3fd88c89a11ec53ec762bb8ba0a96d01ffa2cd45eb1d1d8dd5c5\windows-amd64\native-platform.dll
0x00007ffbfad40000 - 0x00007ffbfae84000 	C:\Users\User\.jdks\openjdk-16.0.1\native\5664cfc778a61ccfe75a443a1ab52a65af34e5dc3c78e0209fed803814484fcb\windows-amd64\native-platform-file-events.dll
0x00007ffc16950000 - 0x00007ffc1695a000 	C:\Program Files\Android\Android Studio\jre\bin\management.dll
0x00007ffc13ac0000 - 0x00007ffc13acd000 	C:\Program Files\Android\Android Studio\jre\bin\management_ext.dll
0x00007ffc1a3e0000 - 0x00007ffc1a3f8000 	C:\WINDOWS\SYSTEM32\CRYPTSP.dll
0x00007ffc19b60000 - 0x00007ffc19b94000 	C:\WINDOWS\system32\rsaenh.dll
0x00007ffc1b350000 - 0x00007ffc1b377000 	C:\WINDOWS\System32\bcrypt.dll
0x00007ffc1a9f0000 - 0x00007ffc1aa1e000 	C:\WINDOWS\SYSTEM32\USERENV.dll
0x00007ffc1a3d0000 - 0x00007ffc1a3dc000 	C:\WINDOWS\SYSTEM32\CRYPTBASE.dll
0x00007ffc19ed0000 - 0x00007ffc19f0b000 	C:\WINDOWS\SYSTEM32\IPHLPAPI.DLL
0x00007ffc1b560000 - 0x00007ffc1b568000 	C:\WINDOWS\System32\NSI.dll
0x00007ffc12240000 - 0x00007ffc12257000 	C:\WINDOWS\SYSTEM32\dhcpcsvc6.DLL
0x00007ffc13280000 - 0x00007ffc1329d000 	C:\WINDOWS\SYSTEM32\dhcpcsvc.DLL
0x00007ffc19f10000 - 0x00007ffc19fda000 	C:\WINDOWS\SYSTEM32\DNSAPI.dll

dbghelp: loaded successfully - version: 4.0.5 - missing functions: none
symbol engine: initialized successfully - sym options: 0x614 - pdb path: .;C:\Program Files\Android\Android Studio\jre\bin;C:\WINDOWS\SYSTEM32;C:\WINDOWS\WinSxS\amd64_microsoft.windows.common-controls_6595b64144ccf1df_6.0.19041.1110_none_60b5254171f9507e;C:\Program Files\Android\Android Studio\jre\bin\server;C:\Users\User\.jdks\openjdk-16.0.1\native\e1d6ef7f7dcc3fd88c89a11ec53ec762bb8ba0a96d01ffa2cd45eb1d1d8dd5c5\windows-amd64;C:\Users\User\.jdks\openjdk-16.0.1\native\5664cfc778a61ccfe75a443a1ab52a65af34e5dc3c78e0209fed803814484fcb\windows-amd64

VM Arguments:
jvm_args: --add-opens=java.base/java.util=ALL-UNNAMED --add-opens=java.base/java.lang=ALL-UNNAMED --add-opens=java.base/java.lang.invoke=ALL-UNNAMED --add-opens=java.base/java.util=ALL-UNNAMED --add-opens=java.prefs/java.util.prefs=ALL-UNNAMED --add-opens=java.prefs/java.util.prefs=ALL-UNNAMED --add-opens=java.base/java.nio.charset=ALL-UNNAMED --add-opens=java.base/java.net=ALL-UNNAMED --add-opens=java.base/java.util.concurrent.atomic=ALL-UNNAMED -Xmx2048m -Dfile.encoding=UTF-8 -Duser.country=US -Duser.language=en -Duser.variant 
java_command: org.gradle.launcher.daemon.bootstrap.GradleDaemon 7.3.3
java_class_path (initial): C:\Users\User\.jdks\openjdk-16.0.1\wrapper\dists\gradle-7.3.3-bin\6a41zxkdtcxs8rphpq6y0069z\gradle-7.3.3\lib\gradle-launcher-7.3.3.jar
Launcher Type: SUN_STANDARD

[Global flags]
     intx CICompilerCount                          = 3                                         {product} {ergonomic}
     uint ConcGCThreads                            = 1                                         {product} {ergonomic}
     uint G1ConcRefinementThreads                  = 4                                         {product} {ergonomic}
   size_t G1HeapRegionSize                         = 1048576                                   {product} {ergonomic}
    uintx GCDrainStackTargetSize                   = 64                                        {product} {ergonomic}
   size_t InitialHeapSize                          = 132120576                                 {product} {ergonomic}
   size_t MarkStackSize                            = 4194304                                   {product} {ergonomic}
   size_t MaxHeapSize                              = 2147483648                                {product} {command line}
   size_t MaxNewSize                               = 1287651328                                {product} {ergonomic}
   size_t MinHeapDeltaBytes                        = 1048576                                   {product} {ergonomic}
    uintx NonNMethodCodeHeapSize                   = 5830732                                {pd product} {ergonomic}
    uintx NonProfiledCodeHeapSize                  = 122913754                              {pd product} {ergonomic}
    uintx ProfiledCodeHeapSize                     = 122913754                              {pd product} {ergonomic}
    uintx ReservedCodeCacheSize                    = 251658240                              {pd product} {ergonomic}
     bool SegmentedCodeCache                       = true                                      {product} {ergonomic}
     bool UseCompressedClassPointers               = true                                 {lp64_product} {ergonomic}
     bool UseCompressedOops                        = true                                 {lp64_product} {ergonomic}
     bool UseG1GC                                  = true                                      {product} {ergonomic}
     bool UseLargePagesIndividualAllocation        = false                                  {pd product} {ergonomic}

Logging:
Log output configuration:
 #0: stdout all=warning uptime,level,tags
 #1: stderr all=off uptime,level,tags

Environment Variables:
PATH=C:\Program Files (x86)\Common Files\Oracle\Java\javapath;C:\WINDOWS\system32;C:\WINDOWS;C:\WINDOWS\System32\Wbem;C:\WINDOWS\System32\WindowsPowerShell\v1.0\;C:\WINDOWS\System32\OpenSSH\;C:\Program Files\Git\cmd;C:\Program Files\Cloudflare\Cloudflare WARP\;C:\Users\User\AppData\Local\Microsoft\WindowsApps;C:\Users\User\AppData\Local\GitHubDesktop\bin
USERNAME=User
OS=Windows_NT
PROCESSOR_IDENTIFIER=Intel64 Family 6 Model 142 Stepping 9, GenuineIntel



---------------  S Y S T E M  ---------------

OS: Windows 10 , 64 bit Build 19041 (10.0.19041.1889)
OS uptime: 3 days 18:55 hours

CPU:total 4 (initial active 4) (2 cores per cpu, 2 threads per core) family 6 model 142 stepping 9 microcode 0xb4, cmov, cx8, fxsr, mmx, sse, sse2, sse3, ssse3, sse4.1, sse4.2, popcnt, avx, avx2, aes, clmul, erms, rtm, 3dnowpref, lzcnt, ht, tsc, tscinvbit, bmi1, bmi2, adx, fma

Memory: 4k page, system-wide physical 8060M (166M free)
TotalPageFile size 32636M (AvailPageFile size 0M)
current process WorkingSet (physical memory assigned to process): 355M, peak: 367M
current process commit charge ("private bytes"): 414M, peak: 417M

vm_info: OpenJDK 64-Bit Server VM (11.0.12+7-b1504.28-7817840) for windows-amd64 JRE (11.0.12+7-b1504.28-7817840), built on Oct 13 2021 22:12:33 by "builder" with MS VC++ 14.0 (VS2015)

END.
